[    0.000000] Linux version 4.15.0-23-generic (buildd@lgw01-amd64-055) (gcc version 7.3.0 (Ubuntu 7.3.0-16ubuntu3)) #25-Ubuntu SMP Wed May 23 18:02:16 UTC 2018 (Ubuntu 4.15.0-23.25-generic 4.15.18)
[    0.000000] Command line: BOOT_IMAGE=/boot/vmlinuz-4.15.0-23-generic root=UUID=b731a229-92e8-485c-8e32-57256a858f0a ro console=tty1 console=ttyS0
[    0.000000] KERNEL supported cpus:
[    0.000000]   Intel GenuineIntel
[    0.000000]   AMD AuthenticAMD
[    0.000000]   Centaur Centaurrauls
[    0.000000] x86/fpu: Supprtng XSAVE feature 0x001: 'x87 floating point registers'
[    0.000000] x86/fpu: Supporting XSAVEE feature 0x002: 'SSE registers'
[    0.000000] x86/fpu: Supporting XSAVE feature 0x004: 'AVX registers'
[    0.000000] x86/fpu: xstate_offset[2]:  576, xstate_sizes[2]:  256
[    0.000000] x86/fpu: Enabled xstate features 0x7, context size is 832 bytes, using 'standard' format.
[    0.000000] e820: BIOS-provid physical RAM map:
[   0.000000] BIOS-e820: [mem 0x0000000000000000-0x000000000009fbff] usable
[    0.000000] BIOS-e820: [mem 0x000000000009fc00-0x000000000009ffff] reserved
[    0.000000] BIOS-e820: [mem 0x00000000000f0000-0x00000000000fffff] reserved
[    0.000000] BIOS-e820: [mem 0x0000000000100000-0x00000000dffeffff] usable
[   0000000 BOS-e820: [mem 0x00000000dfff0000-0x00000000dfffffff] ACPI data
[   0.000000] BIOS-e820: [mem 0x00000000fec00000-0x00000000fec00fff] reserved
[    0.000000] BIOS-e820: [mem 0x00000000fee00000-0x00000000fee00fff] reserved
[    0.000000] BIOS-e820: [mem 0x00000000fffc0000-0x00000000ffffffff] reserved
[    0.000000] BIOS-e820: [mem 0x0000000100000000-0x000000011fffffff] usable
[    0.000000] NX (Execute Disable) protection: active
[    0.000000] random: fast init done
[    0.000000] SMBIOS 2.5 present.
[    0.000000] DMI: innotek GmbH VirtualBox/VirtualBox, BIOS VirtualBox 12/01/2006
[    0.000000] Hypervisor detected: KVM
[    0.000000] e820: last_pfn = 0x120000 max_arch_pfn = 0x400000000
[    0.000000] MTRR: Disabled
[    0.000000] x86/PAT: MTRRs disabled, skipping PAT initialization too.
[    0.000000] CPU MTRRs all blank - virtualized system.
[    0.000000] x86/PAT: Configuration [0-7]: WB  WT  UC- UC  WB  WT  UC- UC  
[    0.000000] e820: last_pfn = 0xdfff0 max_arch_pfn = 0x400000000
[    0.000000] found SMP MP-table at [mem 0x0009fff0-0x0009ffff] mapped at [        (ptrval)]
[    0.000000] Scanning 1  reas forlow memory corruption
[    0.000000] RAMDISK: [mem 0x3179d000-0x34bc5fff]
[    0.000000] ACPI: Early table checksum verification disabled
[    0.000000] ACPI: RSDP 0x00000000000E0000 000024 (v02 VBOX  )
[    0.000000] ACPI: XSDT 0x00000000DFFF0030 00003C (v01 VBOX   VBOXXSDT 00000001 ASL  00000061)
[    0.000000] ACPI: FACP 0x00000000DFFF00F0 0000F4 (v04 VBOX   VBOXFACP 00000001 ASL  00000061)
[    0.000000] ACPI: DSDT 0x00000000DFFF0470 0021FF (v02 VBOX   VBOXBIOS 00000002 INTL 20180105)
[    0.000000] ACPI: FACS 0x00000000DFFF0200 000040
[    0.000000] ACPI: FACS 0x00000000DFFF0200 000040
[    0.000000] ACPI: APIC 0x00000000DFFF0240 00005C (v02 VBOX   VBOXAPIC 0000001 ASL  00000061)
[    0.000000] ACPI: SSDT 0x00000000DFFF02A0 0001CC (v01 VBOX   VBOXCPUT 00000002 INTL 20180105)
[    0.000000] No NUMA configuration found
[    0.000000] Faking a node at [mem 0x000000000000000-0x000000011fffffff]
[    0.000000] NODE_DATA(0) llocated [mem 0x11ffd5000-0x11fffffff]
[    0.000000] kvm-clock: cpu 0, msr 1:1ff54001, primary cpu clock
[    0.000000] kvm-clock: Using msrs 4b564d01 and 4b564d00
[    0.000000] kvm-clock: using schd ffset of 3746687764 cycles
[    0.000000] clocksource: kvm-clock: mask: 0xffffffffffffffff max_cycles: 0x1cd42e4dffb, max_idle_ns: 881590591483 ns
[    0.000000] Zone ranges:
[    0.000000]   DMA      [mem 0x0000000000001000-0x0000000000ffffff]
[    0.000000]   DMA32    [mem 0x0000000001000000-0x00000000ffffffff]
[    0.000000]   Normal   [mem 0x0000000100000000-0x000000011fffffff]
[    0.000000]   Device   empty
[    0.000000] Movable zone start for each node
[    0.000000] Early memory node ranges
[    0.000000]   node   0: [mem 0x0000000000001000-0x000000000009efff]
[    0.000000]   node   0: [mem 0x0000000000100000-0x00000000dffeffff]
[    0.000000]   node   0: [mem 0x0000000100000000-0x000000011fffffff]
[    0.000000] Initmem setup node 0 [mem 0x0000000000001000-0x000000011fffffff]
[    0.000000] Reserved but unavailable: 98 pages
[    0.000000] ACPI: PM-Timer IO Port: 0x4008
[    0.000000] IOAPIC[0]: apic_id 2, version 32, address 0xfec00000, GSI 0-23
[    0.000000] ACPI: INT_SRC_OVR (bus 0 bus_irq 0 global_irq 2 dfl dfl)
[    0.000000] ACPI: INT_SRC_OVR (bus 0 bus_irq 9 global_irq 9 low level)
[    0.000000] Using ACPI (MADT) for SMP configuration information
[    0.000000] smpboot: Allowing  CPUs, 0 hotplug CPUs
[    0.000000] PM: Registered nosave memory: [mem 0x00000000-0x00000fff]
[    0.000000] PM: Registered nosave memory: [mem 0x0009f000-0x0009ffff]
[    0.000000] PM: Registered nosave memory: [mem 0x000a0000-0x000effff]
[    0.000000] PM: Registered nosave memory: [mem 0x000f0000-0x000fffff]
[    0.000000] PM: Registered nosave memory: [mem 0xdfff0000-0xdfffffff]
[    0.000000] PM: Registered nosave memory: [mem 0xe0000000-0xfebfffff]
[    0.000000] PM: Registered nosave memory: [mem 0xfec00000-0xfec00fff]
[    0.000000] PM: Registered nosave memory: [mem 0xfec01000-0xfedfffff]
[    0.000000] PM: Registered nosave memory: [mem 0xfee00000-0xfee00fff]
[    0.000000] PM: Registered nosave memory: [mem 0xfee01000-0xfffbffff]
[    0.000000] PM: Registered nosave memory: [mem 0xfffc0000-0xffffffff]
[    0.000000] e820: [mem 0xe0000000-0xfebfffff] available for PCI devices
[    0.000000] Booting paravirtualized kernel on KVM
[    0.000000] clocksource: refined-jiffies: mask: 0xffffffff max_cycles: 0xffffffff, max_idle_ns: 7645519600211568 ns
[    0.000000] setup_percpu: NR_CPUS:8192 nr_cpumask_bits:2 nr_cpu_ids:2 nr_node_ids:1
[    0.000000] percpu: Embedded 46 pages/cpu @        (ptrval) s151552 r8192 d28672 u1048576
[    0.000000] PV qspinlock hash table entries: 256 (order: 0, 4096 bytes)
[    0.000000] Built 1 zonelists, mobility grouping on.  Total pages: 1032057
[    0.000000] Policy zone: Normal
[    0.000000] Kernel command line: BOOT_IMAGE=/boot/vmlinuz-4.15.0-23-generic root=UUID=b731a229-92e8-485c-8e32-57256a858f0a ro console=tty1 console=ttyS0
[    0.000000] Memory: 3979796K/4193848K available (12300K kernel code, 2470K rwdata, 4240K rodata, 2408K init, 2416K bss, 214052K reserved, 0K cma-reserved)
[    0.000000] SLUB: HWalign=64, Order=0-3, MinObjects=0, CPUs=2, Nodes=1
[    0.000000] Kernel/User page tables isolation: enabled
[    0.000000] ftrace: allocating 39083 entries in 153 pages
[    0.004000] Hierarchical RCU implementation.
[    0.004000] 	RCU restricting CPUs from NR_CPUS=8192 to nr_cpu_ids=2.
[    0.004000] 	Tasks RCU enabled.
[    0.004000] RCU: Adjusting geometry for rcu_fanout_leaf=16, nr_cpu_ids=2
[    0.004000] NR_IRQS: 524544, nr_irqs: 440, preallocated irqs: 16
[    0.004000] Consol: colour VGA+ 80x25
[    0.004000] console [tty1] enabled
[    0.004000] console [ttyS0] enabled
[    0.004000] ACPI: Core revision 20170831
[    0.004000]ACPI: 2 ACPI AML tables successfully acquired and loaded
[    0.004000] APIC: Switch to symmetric I/O mode setup
[    0.004000] x2apic enabled
[    0.004000] Switched APIC routing to physical x2apic.

[    0.004000] ..TIMER: vector=0x30 apic1=0 pin1=2 apic2=-1 pin2=-1
[    0.004005] tsc: Detected 2531.652 MHz processor
[    0.008014] Calibrating delay loop (skipped) preset value.. 5063.30 BogoMIPS (lpj=10126608)
[    0.012007] pid_max: default: 32768 minimum: 301
[    0.012815] Security Framework initialized
[    0.016005] Yama: becoming mindful.
[    0.016576] AppArmor: AppArmor initialized
[    0.018638] Dentry cache hash table entries: 524288 (order: 10, 4194304 bytes)
[    0.020631] Inode-cache hash table entries: 262144 (order: 9, 2097152 bytes)
[    0.024031] Mount-cache hash table entries: 8192 (order: 4, 65536 bytes)
[    0.028017] Mountpoint-cache hash table entries: 8192 (order: 4, 65536 bytes)
[    0.032211] CPU: Physical Processor ID: 0
[    0.036004] CPU: Processor Core ID: 0
[    0.036615] mce: CPU supports 0 MCE banks
[    0.037226] Last level iTLB entries: 4KB 64, 2MB 8, 4MB 8
[    0.040001] Last level dTLB entries: 4KB 64, 2MB 0, 4MB 0, 1GB 4
[    0.040871] Spectre V2 : Mitigation: Full generic retpoline
[    0.041716] Spectre V2 : Spectre v2 mitigation: Filling RSB on context switch
[    0.042766] Speculative Store Bypass: Vulnerable
[    0.044082] Freeing SMP alternatives memory: 36K
[    0.048000] smpboot: CPU0: Intel(R) Core(TM) i7-6500U CPU @ 2.50GHz (family: 0x6, model: 0x4e, stepping: 0x3)
[    0.048082] Performance Events: unsupported p6 CPU model 78 no PMU driver, software events only.
[    0.049384] Hierarchical SRCU implementation.
[    0.052635] NMI watchdog: Perf event create on CPU 0 failed with -2
[    0.056003] NMI watchdog: Perf NMI watchdog permanently disabled
[    0.056925] smp: Bringing up secondary CPUs ...
[    0.060620] x86: Booting SMP configuration:
[    0.064008] .... node  #0, CPUs:      #1
[    0.004000] kvm-clock: cpu 1, msr 1:1ff54041, secondary cpu clock
[    0.004000] mce: CPU supports 0 MCE banks
[    0.104024] smp: Brought up 1 node, 2 CPUs
[    0.108008] smpboot: Max logical packages: 1
[    0.112006] smpboot: Total of 2 processors activated (10126.60 BogoMIPS)
[    0.113298] devtmpfs: initialized
[    0.116064] x86/mm: Memory block size: 128MB
[    0.117110] evm: security.selinux
[    0.117732] evm: security.SMACK64
[    0.118280] evm: security.SMACK64EXEC
[    0.118873] evm: security.SMACK64TRANSMUTE
[    0.119524] evm: security.SMACK64MMAP
[    0.120003] evm: security.apparmor
[    0.120564] evm: security.ima
[    0.121064] evm: security.capability
[    0.124090] clocksource: jiffies: mask: 0xffffffff max_cycles: 0xffffffff, max_idle_ns: 7645041785100000 ns
[    0.128016] futex hash table entries: 512 (order: 3, 32768 bytes)
[    0.132059] pinctrl core: initialized pinctrl subsystem
[    0.132891] RTC time:  6:48:31, date: 06/25/18
[    0.136154] NET: Registered protocol family 16
[    0.140100] audit: initializing netlink subsys (disabled)
[    0.142066] audit: type=2000 audit(1529909310.195:1): state=initialized audit_enabled=0 res=1
[    0.172010] cpuidle: using governor ladder
[    0.176010] cpuidle: using governor menu
[    0.176688] ACPI: bus type PCI registered
[    0.177376] acpiphp: ACPI Hot Plug PCI Controller Driver version: 0.5
[    0.178358] PCI: Using configuration type 1 for base access
[    0.181029] HugeTLB registered 2.00 MiB page size, pre-allocated 0 pages
[    0.182253] ACPI: Added _OSI(Module Device)
[    0.184010] ACPI: Added _OSI(Processor Device)
[    0.184718] ACPI: Added _OSI(3.0 _SCP Extensions)
[    0.188003] ACPI: Added _OSI(Processor Aggregator Device)
[    0.189014] ACPI: Executed 1 blocks of module-level executable AML code
[    0.197490] ACPI: Interpreter enabled
[    0.200018] ACPI: (supports S0 S5)
[    0.204006] ACPI: Using IOAPIC for interrupt routing
[    0.204997] PCI: Using host bridge windows from ACPI; if necessary, use "pci=nocrs" and report a bug
[    0.208176] ACPI: Enabled 2 GPEs in block 00 to 07
[    0.220451] ACCI: PCI Root Bridge [PCI0] (domain 0000 [bus 00-ff])
[    0.224014] acpi PNP0A03:00: _OSC: OS supports [ASPM ClockPM Segments MSI]
[    0.225363] acpi PNP0A03:00: _OSC: not requesting OS control; OS requires [ExtendedConfig ASPM ClockPM MSI]
[    0.228038] acpi PNP0A03:00: fail to add MMCONFIG information, can't access extended PCI configuration space under this bridge.
[    0.232523] PCI host bridge to bus 0000:00
[    0.236012] pci_bus 0000:00: root bus resource [io  0x0000-0x0cf7 window]
[    0.240020] pci_bus 0000:00: root bus resource [io  0x0d00-0xffff window]
[    0.244008] pci_bus 0000:00: root bus resource [mem 0x000a0000-0x000bffff window]
[    0.248007] pci_bus 0000:00: root bus resource [mem 0xe0000000-0xfdffffff window]
[    0.252004] pci_bus 0000:00: root bus resource [bus 00-ff]
[    0.254345] pci 0000:00:01.1: legacy IDE quirk: reg 0x10: [io  0x01f0-0x01f7]
[    0.256007] pci 0000:00:01.1: legacy IDE quirk: reg 0x14: [io  0x03f6]
[    0.260007] pci 0000:00:01.1: legacy IDE quirk: reg 0x18: [io  0x0170-0x0177]
[    0.264007] pci 0000:00:01.1: legacy IDE quirk: reg 0x1c: [io  0x0376]
[    0.325244] pci 0000:00:07.0: quirk: [io  0x4000-0x403f] claimed by PIIX4 ACPI
[    0.328025] pci 0000:00:07.0: quirk: [io  0x4100-0x410f] claimed by PIIX4 SMB
[    0.369612] ACPI: PCI Interrupt Link [LNKA] (IRQs 5 9 10 *11)
[    0.372310] ACPI: PCI Interrupt Link [LNKB] (IRQs 5 9 *10 11)
[    0.376131] ACPI: PCI Interrupt Link [LNKC] (IRQs 5 *9 10 11)
[    0.384086] ACPI: PCI Interrupt Link [LNKD] (IRQs 5 9 10 *11)
[    0.388635] SCSI subsystem initialized
[    0.392069] pci 0000:00:02.0: vgaarb: setting as boot VGA device
[    0.396000] pci 0000:00:02.0: vgaarb: VGA device added: decodes=io+mem,owns=io+mem,locks=none
[    0.396008] pci 0000:00:02.0: vgaarb: bridge control possible
[    0.400004] vgaarb: loaded
[    0.400483] ACPI: bus type USB registered
[    0.401104] usbcore: registered new interface driver usbfs
[    0.401905] usbcore: registered new interface driver hub
[    0.404024] usbcore: registered new device driver usb
[    0.404858] EDAC MC: Ver: 3.0.0
[    0.404874] PCI: Using ACPI for IRQ routing
[    0.404918] NetLabel: Initializing
[    0.408002] NetLabel:  domain hash size = 128
[    0.412003] NetLabel:  protocols = UNLABELED CIPSOv4 CALIPSO
[    0.412867] NetLabel:  unlabeled traffic allowed by default
[    0.416541] clocksource: Switched to clocksource kvm-clock
[    052077] VFS: Disk quotas dquot_6.6.0
[    0.579927] VFS: Dquot-cache hash table entries: 512 (order 0, 4096 bytes)
[    0.581118] AppArmor: AppArmor Filesystem Enabled
[    0.581873] pnp: PnP ACPI init
[   .5324]pnp: PnP ACPI: found 3 devices

[   .79957] clksrc: cppmma: 0xffffff max_cycles: 0xfffff, x_dlns 25710 n
[    1.478634] NET: Registered protocol family 2
[    1.660593] TCPesblhehah bl etries: 32768 (order: 6, 262144 bytes)

[    1.999648] TCP bind hash table entries: 32768 (order: 7, 524288 bytes)
[    2.000720] TCP: Hash tables configured (established 32768 bind 32768)
[   .0218]UD hash table entres: 2048 (order: 4, 65536 bytes)
[    2.235812] UDP-Lite hash table entries: 2048 (order: 4, 5536 bytes)
[    2.260020] NET: Registered protocol family 1
[    2.260807] pci 0000:00:00.0: Limiting direct PCI/PCI transfers
[    2.261723] pci 0000:00:01.0: ActvangISDMha wkaun
  2.348]pc00:002: id dicwih shadowed ROM at [mem 0x000c0000-0x000dffff]
[  3582]Unckg nirafs.
[    4.552747] Freeing initrd memory: 53412K
[    4.560341] PCI-DMA: Using software bounce buffering for IO (SWIOTLB)
[    4.570892] software IO TLB [mem 0xdbff0000-0xdfff0000] (64MB) mapped at [0000000015708b68-00000000fe2371a4]
[    4.823010] platform rtc_cmos: registered platform RTC device (no PNP device found)
[    4.840418] Scanning for low memory corruption every 60 seconds
[    4.842081] Initialise system trusted keyrings
[    4.844876] Key type blacklist registered
[    4.845712] workingset: timestamp_bits=36 max_order=20 bucket_order=0
[    4.847636] zbud: loaded
[    4.848644] squashfs: version 4.0 (2009/01/31) Phillip Lougher
[    4.874276] fuse init (API version 7.26)
[    4.920449] Key type asymmetric registered
[    4.993994] Asymmetric key parser 'x509' registered
[    5.008204] Block layer SCSI generic (bsg) driver version 0.4 loaded (major 246)
[    5.130927] io scheduler noop registered
[    5.138374] io scheduler deadline registered
[    5.139059] io scheduler cfq registered (default)
[    5.163809] ACPI: AC Adapter [AC] (on-line)
[    5.164576] input: Power Button as /devices/LNXSYSTM:00/LNXPWRBN:00/input/input0
[    5.293901] ACPI: Power Button [PWRF]
[    5.326319] input: Sleep Button as /devices/LNXSYSTM:00/LNXSLPBN:00/input/input1
[    5.414556] ACPI: Sleep Button [SLPF]
[    5.415569] Serial: 8250/16550 driver, 32 ports, IRQ sharing enabled
[    5.416265] ACPI: Battery Slot [BAT0] (battery present)
[    5.456075] 00:02: ttyS0 at I/O 0x3f8 (irq = 4, base_baud = 115200) is a 16550A
[    5.626713] Linux agpgart interface v0.103
[    5.796718] loop: module loaded
[    5.864613] clocksource: tsc: mask: 0xffffffffffffffff max_cycles: 0x247e0659e26, max_idle_ns: 440795219632 ns
[    5.873236] scsi host0: ata_piix
[    5.873304] scsi host1: ata_piix
[    5.873332] ata1: PATA max UDMA/33 cmd 0x1f0 ctl 0x3f6 bmdma 0xd000 irq 14
[    5.873333] ata2: PATA max UDMA/33 cmd 0x170 ctl 0x376 bmdma 0xd008 irq 15
[    5.873407] libphy: Fixed MDIO Bus: probed
[    5.873408] tun: Universal TUN/TAP device driver, 1.6
[    6.064524] PPP generic driver version 2.4.2
[    6.064580] ehci_hcd: USB 2.0 'Enhanced' Host Controller (EHCI) Driver
[    6.064587] ehci-pci: EHCI PCI platform driver
[    6.064609] ehci-platform: EHCI generic platform driver
[    6.064616] ohci_hcd: USB 1.1 'Open' Host Controller (OHCI) Driver
[    6.064617] ohci-pci: OHCI PCI platform driver
[    6.064624] ohci-platform: OHCI generic platform driver
[    6.064629] uhci_hcd: USB Universal Host Controller Interface driver
[    6.064699] i8042: PNP: PS/2 Controller [PNP0303:PS2K,PNP0f03:PS2M] at 0x60,0x64 irq 1,12
[    6.102036] serio: i8042 KBD port at 0x60,0x64 irq 1
[    6.102043] serio: i8042 AUX port at 0x60,0x64 irq 12
[    6.102166] mousedev: PS/2 mouse device common for all mice
[    6.102464] input: AT Translated Set 2 keyboard as /devices/platform/i8042/serio0/input/input2
[    6.102701] rtc_cmos rtc_cmos: rtc core: registered rtc_cmos as rtc0
[    6.102754] rtc_cmos rtc_cmos: alarms up to one day, 114 bytes nvram
[    6.102760] i2c /dev entries driver
[    6.102837] device-mapper: uevent: version 1.0.3
[    6.102879] device-mapper: ioctl: 4.37.0-ioctl (2017-09-20) initialised: dm-devel@redhat.com
[    6.241528] ledtrig-cpu: registered to indicate activity on CPUs
[    6.328261] NET: Registered protocol family 10
[    6.393675] Segment Routing with IPv6
[    6.400978] NET: Registered protocol family 17
[    6.401805] Key type dns_resolver registered
[    6.410239] RAS: Correctable Errors collector initialized.
[    6.471105] sched_clock: Marking stable (6471072660, 0)->(14795470448, -8324397788)
[    6.522770] registered taskstats version 1
[    6.553238] Loading compiled-in X.509 certificates
[    6.600524] Loaded X.509 cert 'Build time autogenerated kernel key: d77482c25b833df502ed38a87c5d7f330fdff3cb'
[    6.646130] zswap: loaded using pool lzo/zbud
[    6.650581] Key type big_key registered
[    6.686292] Key type trusted registered
[    6.688883] Key type encrypted registered
[    6.778983] AppArmor: AppArmor sha1 policy hashing enabled
[    6.860504] ima: No TPM chip found, activating TPM-bypass! (rc=-19)
[    6.922028] evm: HMAC attrs: 0x1
[    6.922856]   Magic number: 6:301:823
[    6.953597] rtc_cmos rtc_cmos: setting system clock to 2018-06-25 06:48:39 UTC (1529909319)
[    6.958041] BIOS EDD facility v0.16 2004-Jun-25, 0 devices found
[    7.044419] EDD information not available.
[    7.153701] Freeing unused kernel memory: 2408K
[    7.344388] Write protecting the kernel read-only data: 20480k
[    7.360847] Freeing unused kernel memory: 2008K
[    7.364845] Freeing unused kernel memory: 1904K
[    7.376823] x86/mm: Checked W+X mappings: passed, no W+X pages found.
[    7.385749] x86/mm: Checking user space page tables
[    7.391555] x86/mm: Checked W+X mappings: passed, no W+X pages found.
Loading, please wait...
starting version 237
[    7.457532] ACPI: Video Device [GFX0] (multi-head: yes  rom: no  post: no)
[    7.481182] e1000: Intel(R) PRO/1000 Network Driver - version 7.3.21-k8-NAPI
[    7.504607] e1000: Copyright (c) 1999-2006 Intel Corporation.
[    7.530355] Fusion MPT base driver 3.04.20
[    7.544567] Copyright (c) 1999-2008 LSI Corporation
[    7.547364] input: Video Bus as /devices/LNXSYSTM:00/LNXSYBUS:00/PNP0A03:00/LNXVIDEO:00/input/input5
[    7.639974] AVX2 version of gcm_enc/dec engaged.
[    7.666364] AES CTR mode by8 optimization enabled
[    7.674988] Fusion MPT SPI Host driver 3.04.20
[    7.786754] input: ImExPS/2 Generic Explorer Mouse as /devices/platform/i8042/serio1/input/input4
[    8.108597] e1000 0000:00:03.0 eth0: (PCI:33MHz:32-bit) 02:c7:c3:8a:9f:23
[    8.221828] e1000 0000:00:03.0 eth0: Intel(R) PRO/1000 Network Connection
[    8.583685] e1000 0000:00:08.0 eth1: (PCI:33MHz:32-bit) 08:00:27:0c:3c:8b
[    8.686807] e1000 0000:00:08.0 eth1: Intel(R) PRO/1000 Network Connection
[    8.687959] piix4_smbus 0000:00:07.0: SMBus Host Controller at 0x4100, revision 0
[    8.744509] e1000 0000:00:08.0 enp0s8: renamed from eth1
[    9.000140] mptbase: ioc0: Initiating bringup
[    9.017808] e1000 0000:00:03.0 enp0s3: renamed from eth0
[    9.104610] ioc0: LSI53C1030 A0: Capabilities={Initiator}
[    9.365072] scsi host2: ioc0: LSI53C1030 A0, FwRev=00000000h, Ports=1, MaxQ=256, IRQ=20
[    9.564968] scsi 2:0:0:0: Direct-Access     VBOX     HARDDISK         1.0  PQ: 0 ANSI: 5
[   10.520066] scsi target2:0:0: Beginning Domain Validation
[   10.653528] scsi target2:0:0: Domain Validation skipping write tests
[   11.198224] scsi target2:0:0: Ending Domain Validation
[   11.543884] scsi target2:0:0: asynchronous
[   12.204761] scsi 2:0:1:0: Direct-Access     VBOX     HARDDISK         1.0  PQ: 0 ANSI: 5
[   12.398883] scsi target2:0:1: Beginning Domain Validation
[   12.605641] scsi target2:0:1: Domain Validation skipping write tests
[   13.310091] scsi target2:0:1: Ending Domain Validation
[   13.334948] scsi target2:0:1: asynchronous
[   13.339266] sd 2:0:0:0: [sda] 20971520 512-byte logical blocks: (10.7 GB/10.0 GiB)
[   13.339284] sd 2:0:0:0: Attached scsi generic sg0 type 0
[   13.339760] sd 2:0:1:0: Attached scsi generic sg1 type 0
[   13.339965] sd 2:0:1:0: [sdb] 20480 512-byte logical blocks: (10.5 MB/10.0 MiB)
[   13.340025] sd 2:0:1:0: [sdb] Write Protect is off
[   13.340150] sd 2:0:1:0: [sdb] Incomplete mode parameter data
[   13.340151] sd 2:0:1:0: [sdb] Assuming drive cache: write through
[   13.341898] sd 2:0:1:0: [sdb] Attached SCSI disk
[   13.370447] sd 2:0:0:0: [sda] Write Protect is off
[   13.382188] sd 2:0:0:0: [sda] Incomplete mode parameter data
[   13.453699] sd 2:0:0:0: [sda] Assuming drive cache: write through
[   13.567353]  sda: sda1
[   13.620281] sd 2:0:0:0: [sda] Attached SCSI disk
Begin: Loading essential drivers ... [   15.142309] raid6: sse2x1   gen() 10246 MB/s
[   15.203721] raid6: sse2x1   xor()  7816 MB/s
[   15.295898] raid6: sse2x2   gen() 13242 MB/s
[   15.348041] raid6: sse2x2   xor()  8088 MB/s
[   15.437088] raid6: sse2x4   gen() 14074 MB/s
[   15.500676] raid6: sse2x4   xor()  9687 MB/s
[   15.551814] raid6: avx2x1   gen() 21379 MB/s
[   15.603071] raid6: avx2x1   xor() 13432 MB/s
[   15.705424] raid6: avx2x2   gen() 26694 MB/s
[   15.766839] raid6: avx2x2   xor() 16237 MB/s
[   15.828246] raid6: avx2x4   gen() 30137 MB/s
[   15.879469] raid6: avx2x4   xor() 17896 MB/s
[   15.910853] raid6: using algorithm avx2x4 gen() 30137 MB/s
[   15.911722] raid6: .... xor() 17896 MB/s, rmw enabled
[   15.912539] raid6: using avx2x2 recovery algorithm
[   15.914656] xor: automatically using best checksumming function   avx       
[   15.997888] async_tx: api initialized (async)
done.
Begin: Running /scripts/init-premount ... done[   16.088072] Btrfs loaded, crc32c=crc32c-intel
.
Begin: Mounting root file system ... Begin: Running /scripts/[   16.129239] EXT4-fs (sda1): mounted filesystem with ordered data mode. Opts: (null)
local-top ... done.
Begin: Running /scripts/local-premount ... Scanning for Btrfs filesystems
done.
Warning: fsck not present, so skipping root file system
done.
Begin: Running /scripts/local-bottom ... done.
Begin: Running /scripts/init-bottom ... done.
[   16.435171] ip_tables: (C) 2000-2006 Netfilter Core Team
[   16.554031] systemd[1]: systemd 237 running in system mode. (+PAM +AUDIT +SELINUX +IMA +APPARMOR +SMACK +SYSVINIT +UTMP +LIBCRYPPSETUP +GCRYPT +GNUTLS +ACL +XZ +LZ4 +SECCOMP +BLKID +ELFUTILS +KMOD -IDN2 +IDN -PCRE2 default-hierarchy=hybrid)
[   17.016861] systemd[1]: Detected virtualization oracle.
[   17.118631] systemd[1]: Detected architecture x86-64.

Welcome to [1mUbuntu 18.04 LTS[0m!

[   17.224517] systemd[1]: Set hostname to <crm>.
[   17.452396] systemd[1]: Created slice User and Session Slice.
[[0;32m  OK  [0m] Created slice User and Session Slice.
[   17.619087] systemd[1]: Started Forward Password Requests to Wall Directory Watch.
[[0;32m  OK  [0m] Started Forward Password Requests to Wall Directory Watch.
[   17.621442] systemd[1]: Created slice System Slice.
[[0;32m  OK  [0m] Created slice System Slice.
[   18.353225] systemd[1]: Listening on Journal Audit Socket.
[[0;32m  OK  [0m] Listening on Journal Audit Socket.
[   18.354763] systemd[1]: Listening on /dev/initctl Compatibility Named Pipe.
[[0;32m  OK  [0m] Listening on /dev/initctl Compatibility Named Pipe.
[   18.749626] systemd[1]: Created slice system-serial\x2dgetty.slice.
[[0;32m  OK  [0m] Created slice system-serial\x2dgetty.slice.
[[0;32m  OK  [0m] Listening on Device-mapper event daemon FIFOs.
[[0;32m  OK  [0m] Listening on Journal Socket.
         Starting Remount Root and Kernel File Systems...
         Startin[   19.384709] EXT4-fs (sda1): re-mounted. Opts: (null)
g Create list of required st…ce nodes for the current kernel...
[[0;32m  OK  [0m] Listening on LVM2 poll daemon socket.
         Mounting POSIX Message Queue File System...
         Startin[   19.510147] random: crng init done
g Uncomplicated firewall...
[[0;32m  OK  [0m] Reached target User and Group Name Lookups.
[[0;32m  OK  [0m] Listening on udev Control Socket.
[[0;32m  OK  [0m] Listening on Syslog Socket.
[[0;32m  OK  [0m] Set up automount Arbitrary Executab…rmats File System Automount Point.
         Starting Load Kernel Modules...
         Starting Set the consol[   19.645973] Loading iSCSI transport class v2.0-870.
e keyboard layout...
[[0;32m  OK  [0m] Reached targ[   19.753737] iscsi: registered transport (tcp)
et System Time Synchronized.
         Starting Nameserver information manager...
[[0;32m  OK  [0m] Reached target Swap.
         Mounting Huge Pages File System...
[[0;32m  OK  [0m] Reached target Slices.
         Mounting Kernel Debug F[   19.870575] iscsi: registered transport (iser)
ile System...
[[0;32m  OK  [0m] Listening on LVM2 metadata daemon socket.
         Starting Monitoring of LVM2 mirrors…ng dmeventd or progress polling...
[[0;32m  OK  [0m] Listening on udev Kernel Socket.
         Starting udev Coldplug all Devices...
[[0;32m  OK  [0m] Listening on Journal Socket (/dev/log).
         Starting Journal Service...
[[0;32m  OK  [0m] Started Remount Root and Kernel File Systems.
[[0;32m  OK  [0m] Started Create list of required sta…vice nodes for the current kernel.
[[0;32m  OK  [0m] Started Journal Service.
[[0;32m  OK  [0m] Mounted POSIX Message Queue File System.
[[0;32m  OK  [0m] Started Uncomplicated firewall.
[[0;32m  OK  [0m] Started Load Kernel Modules.
[[0;32m  OK  [0m] Mounted Huge Pages File System.
[[0;32m  OK  [0m] Mounted Kernel Debug File System.
[[0;32m  OK  [0m] Started Nameserver information manager.
[[0;32m  OK  [0m] Started LVM2 metadata daemon.
         Mounting Kernel Configuration File System...
         Mounting FUSE Control File System...
         Starting Apply Kernel Variables...
         Starting Create Static Device Nodes in /dev...
         Starting Flush Journal to Persistent Storage...
         Starting Initial cloud-init job (pre-networking)...
         Starting Load/Save Random Seed...
[[0;32m  OK  [0m] Started Monitoring of LVM2 mirrors,…sing dmeventd or progress polling.
[[0;32m  OK  [0m] Started udev Coldplug all Devices.
[[0;32m  OK  [0m] Mounted Kernel Configuration File System.
[[0;32m  OK  [0m] Mounted FUSE Control File System.
[[0;32m  OK  [0m] Started Apply Kernel Variables.
[[0;32m  OK  [0m] Started Create Static Device Nodes in /dev.
[[0;32m  OK  [0m] Started Load/Save Random Seed.
         Starting udev Kernel Device Manager...
[[0;32m  OK  [0m] Started udev Kernel Device Manager.
[[0;32m  OK  [0m] Started Flush Journal to Persistent Storage.
[[0;32m  OK  [0m] Started Set the console keyboard layout.
[[0;32m  OK  [0m] Reached target Local File Systems (Pre).
[[0;32m  OK  [0m] Reached target Local File Systems.
         Starting ebtables ruleset management...
         Starting AppArmor initialization...
         Starting Create Volatile Files and Directories...
         Starting Tell Plymouth To Write Out Runtime Data...
         Starting Set console font and keymap...
[[0;32m  OK  [0m] Started Dispatch Password Requests to Console Directory Watch.
[[0;32m  OK  [0m] Reached target Local Encrypted Volumes.
[[0;32m  OK  [0m] Started Create Volatile Files and Directories.
[[0;32m  OK  [0m] Started Tell Plymouth To Write Out Runtime Data.
[[0;32m  OK  [0m] Started Set console font and keymap.
[[0;32m  OK  [0m] Started ebtables ruleset management.
[[0;32m  OK  [0m] Found device /dev/ttyS0.
         Starting Update UTMP about System Boot/Shutdown...
         Starting Network Name Resolution...
[[0;32m  OK  [0m] Started Update UTMP about System Boot/Shutdown.
[[0;32m  OK  [0m] Started Network Name Resolution.
[[0;32m  OK  [0m] Started AppArmor initialization.
[[0;32m  OK  [0m] Reached target Host and Network Name Lookups.
[   22.514255] cloud-init[453]: Cloud-init v. 18.2 running 'init-local' at Mon, 25 Jun 2018 06:48:54 +0000. Up 22.15 seconds.
[[0;32m  OK  [0m] Found device 82540EM Gigabit Ethern…ler (PRO/1000 MT Desktop Adapter).
[[0;32m  OK  [0m] Found device 82540EM Gigabit Ethern…ler (PRO/1000 MT Desktop Adapter).
[[0;32m  OK  [0m] Started Initial cloud-init job (pre-networking).
[[0;32m  OK  [0m] Reached target Network (Pre).
         Starting Raise network interfaces...
[[0;32m  OK  [0m] Started ifup for enp0s8.
[[0;32m  OK  [0m] Listening on Load/Save RF Kill Switch Status /dev/rfkill Watch.
[[0;32m  OK  [0m] Started ifup for enp0s3.
[[0;32m  OK  [0m] Reached target Sound Card.
         Stopping Network Name Resolution...
         Starting Network Time Synchronization...
         Starting Tell Plymouth To Write Out Runtime Data...
[[0;32m  OK  [0m] Stopped Network Name Resolution.
[[0;32m  OK  [0m] Started Tell Plymouth To Write Out Runtime Data.
         Starting Network Name Resolution...
[[0;32m  OK  [0m] Started Network Time Synchronization.
[[0;32m  OK  [0m] Started Network Name Resolution.
[[0;32m  OK  [0m] Started Raise network interfaces.
         Starting Initial cloud-init job (metadata service crawler)...
[[0;32m  OK  [0m] Reached target Network.
[   23.822352] cloud-init[1041]: Cloud-init v. 18.2 running 'init' at Mon, 25 Jun 2018 06:48:56 +0000. Up 23.46 seconds.
[[0;32m  OK  [0m] Started Initial cloud-init job (metadata service crawler).
[[   23.943711] cloud-init[1041]: ci-info: ++++++++++++++++++++++++++++++++++++++Net device info+++++++++++++++++++++++++++++++++++++++
[   23.948447] cloud-init[1041]: ci-info: +--------+------+-----------------------------+---------------+--------+-------------------+
[   23.948488] cloud-init[1041]: ci-info: | Device |  Up  |           Address           |      Mask     | Scope  |     Hw-Address    |
[   23.948521] cloud-init[1041]: ci-info: +--------+------+-----------------------------+---------------+--------+-------------------+
[   23.948568] cloud-init[1041]: ci-info: | enp0s3 | True |          10.0.2.15          | 255.255.255.0 | global | 02:c7:c3:8a:9f:23 |
[   23.948611] cloud-init[1041]: ci-info: | enp0s3 | True |  fe80::c7:c3ff:fe8a:9f23/64 |       .       |  link  | 02:c7:c3:8a:9f:23 |
[   23.948664] cloud-init[1041]: ci-info: | enp0s8 | True |        192.168.88.19        | 255.255.255.0 | global | 08:00:27:0c:3c:8b |
[   23.948705] cloud-init[1041]: ci-info: | enp0s8 | True | fe80::a00:27ff:fe0c:3c8b/64 |       .       |  link  | 08:00:27:0c:3c:8b |
[   23.948739] cloud-init[1041]: ci-info: |   lo   | True |          127.0.0.1          |   255.0.0.0   |  host  |         .         |
[   23.948778] cloud-init[1041]: ci-info: |   lo   | True |           ::1/128           |       .       |  host  |         .         |
[   23.948815] cloud-init[1041]: ci-info: +--------+------+-----------------------------+---------------+--------+-------------------+
[   23.948848] cloud-init[1041]: ci-info: ++++++++++++++++++++++++++++Route IPv4 info++++++++++++++++++++++++++++
[   23.948885] cloud-init[1041]: ci-info: +-------+--------------+----------+---------------+-----------+-------+
[   23.948923] cloud-init[1041]: ci-info: | Route | Destination  | Gateway  |    Genmask    | Interface | Flags |
[   23.948960] cloud-init[1041]: ci-info: +-------+--------------+----------+---------------+-----------+-------+
[   23.948993] cloud-init[1041]: ci-info: |   0   |   0.0.0.0    | 10.0.2.2 |    0.0.0.0    |   enp0s3  |   UG  |
[   23.949026] cloud-init[1041]: ci-info: |   1   |   10.0.2.0   | 0.0.0.0  | 255.255.255.0 |   enp0s3  |   U   |
[   23.949073] cloud-init[1041]: ci-info: |   2   | 192.168.88.0 | 0.0.0.0  | 255.255.255.0 |   enp0s8  |   U   |
[   23.949143] cloud-init[1041]: ci-info: +-------+--------------+----------+---------------+-----------+-------+
[   23.949177] cloud-init[1041]: ci-info: +++++++++++++++++++Route IPv6 info+++++++++++++++++++
[   23.949215] cloud-init[1041]: ci-info: +-------+-------------+---------+-----------+-------+
[   23.949254] cloud-init[1041]: ci-info: | Route | Destination | Gateway | Interface | Flags |
[   23.949307] cloud-init[1041]: ci-info: +-------+-------------+---------+-----------+-------+
[   23.949342] cloud-init[1041]: ci-info: |   1   |  fe80::/64  |    ::   |   enp0s8  |   U   |
[   23.949378] cloud-init[1041]: ci-info: |   2   |  fe80::/64  |    ::   |   enp0s3  |   U   |
[   23.949415] cloud-init[1041]: ci-info: |   4   |   ff00::/8  |    ::   |   enp0s8  |   U   |
[   23.949451] cloud-init[1041]: ci-info: |   5   |   ff00::/8  |    ::   |   enp0s3  |   U   |
[   23.949488] cloud-init[1041]: ci-info: +-------+-------------+---------+-----------+-------+
[0;32m  OK  [0m] Reached target System Initialization.
[[0;32m  OK  [0m] Started Daily Cleanup of Temporary Directories.
[[0;32m  OK  [0m] Started Discard unused blocks once a week.
[[0;32m  OK  [0m] Started Daily apt download activities.
[[0;32m  OK  [0m] Started Clean PHP session files every 30 mins.
         Starting LXD - unix socket.
[[0;32m  OK  [0m] Listening on UUID daemon activation socket.
         Starting Socket activation for snappy daemon.
[[0;32m  OK  [0m] Started Message of the Day.
[[0;32m  OK  [0m] Started ACPI Events Check.
[[0;32m  OK  [0m] Listening on D-Bus System Message Bus Socket.
[[0;32m  OK  [0m] Listening on ACPID Listen Socket.
[[0;32m  OK  [0m] Started Daily apt upgrade and clean activities.
[[0;32m  OK  [0m] Reached target Timers.
[[0;32m  OK  [0m] Started resolvconf-pull-resolved.path.
[[0;32m  OK  [0m] Reached target Paths.
[[0;32m  OK  [0m] Reached target Cloud-config availability.
[[0;32m  OK  [0m] Reached target Network is Online.
         Starting iSCSI initiator daemon (iscsid)...
[[0;32m  OK  [0m] Listening on LXD - unix socket.
[[0;32m  OK  [0m] Listening on Socket activation for snappy daemon.
[[0;32m  OK  [0m] Reached target Sockets.
[[0;32m  OK  [0m] Reached target Basic System.
         Starting LSB: Record successful boot for GRUB...
         Starting System Logging Service...
         Starting Dispatcher daemon for systemd-networkd...
[[0;32m  OK  [0m] Started Regular background program processing daemon.
[[0;32m  OK  [0m] Started irqbalance daemon.
         Starting LXD - container startup/shutdown...
         Starting resolvconf-pull-resolved.service...
         Starting Login Service...
         Starting MySQL Community Server...
[[0;32m  OK  [0m] Started Deferred execution scheduler.
         Starting OpenBSD Secure Shell server...
[[0;32m  OK  [0m] Started Unattended Upgrades Shutdown.
[[0;32m  OK  [0m] Started D-Bus System Message Bus.
[[0;32m  OK  [0m] Started Login Service.
         Starting Accounts Service...
         Starting Apply the settings specified in cloud-config...
[[0;32m  OK  [0m] Started FUSE filesystem for LXC.
         Starting Thermal Daemon Service...
         Starting Snappy daemon...
[[0;32m  OK  [0m] Started System Logging Service.
[[0;32m  OK  [0m] Started Dispatcher daemon for systemd-networkd.
[[0;32m  OK  [0m] Started Snappy daemon.
[[0;32m  OK  [0m] Started iSCSI initiator daemon (iscsid).
[[0;32m  OK  [0m] Started LXD - container startup/shutdown.
[[0;32m  OK  [0m] Started resolvconf-pull-resolved.service.
[[0;32m  OK  [0m] Started Thermal Daemon Service.
[[0;32m  OK  [0m] Started OpenBSD Secure Shell server.
         Starting Authorization Manager...
[[0;32m  OK  [0m] Reached target Remote File Systems (Pre).
[[0;32m  OK  [0m] Reached target Remote File Systems.
         Starting LSB: automatic crash report generation...
         Starting Permit User Sessions...
         Starting The Apache HTTP Server...
         Starting LSB: powerful, efficient, …d scalable Mail Transport Agent...
         Starting Availability of block devices...
         Starting Wait until snapd is fully seeded...
[[0;32m  OK  [0m] Started LSB: Record successful boot for GRUB.
[[0;32m  OK  [0m] Started Permit User Sessions.
[[0;32m  OK  [0m] Started LSB: powerful, efficient, and scalable Mail Transport Agent.
[[0;32m  OK  [0m] Started Availability of block devices.
[[0;32m  OK  [0m] Started Authorization Manager.
[[0;32m  OK  [0m] Started Accounts Service.
         Starting Terminate Plymouth Boot Screen...
         Starting Hold until boot process finishes up...
[[0;32m  OK  [0m] Started Terminate Plymouth Boot Screen.
[[0;32m  OK  [0m] Started LSB: automatic crash report generation.
[[0;32m  OK  [0m] Started Hold until boot process finishes up.
         Starting Set console scheme...
[[0;32m  OK  [0m] Started Serial Getty on ttyS0.
[[0;32m  OK  [0m] Started The Apache HTTP Server.
[[0;32m  OK  [0m] Started Wait until snapd is fully seeded.
[[0;32m  OK  [0m] Started Set console scheme.
[[0;32m  OK  [0m] Created slice system-getty.slice.
[[0;32m  OK  [0m] Started Getty on tty1.
[[0;32m  OK  [0m] Reached target Login Prompts.
         [   25.939204] Starting Disk Cache Cleaning Daemon for Apache HTTP Server...cloud-init
[1357]: Cloud-init v. 18.2 running 'modules:config' at Mon, 25 Jun 2018 06:48:58 +0000. Up 25.53 seconds.
[[0;32m  OK  [0m] Started Disk Cache Cleaning Daemon for Apache HTTP Server.
[[0;32m  OK  [0m] Started Apply the settings specified in cloud-config.
[[0;32m  OK  [0m] Started MySQL Community Server.
[[0;32m  OK  [0m] Reached target Multi-User System.
         Starting Execute cloud user/final scripts...
[[0;32m  OK  [0m] Reached target Graphical Interface.
         Starting Update UTMP about System Runlevel Changes...
[[0;32m  OK  [0m] Started Update UTMP about System Runlevel Changes.
[   26.680066] cloud-init[1596]: Cloud-init v. 18.2 running 'modules:final' at Mon, 25 Jun 2018 06:48:59 +0000. Up 26.52 seconds.
[[0;32m  OK  [0m[   26.790242] cloud-init[1596]: Cloud-init v. 18.2 finished at Mon, 25 Jun 2018 06:48:59 +0000. Datasource DataSourceNoCloud [seed=/dev/sdb][dsmode=net].  Up 26.66 seconds
] Created slice User Slice of vagrant.
[[0;32m  OK  [0m] Started Execute cloud user/final scripts.
         Starting User Manager for UID 1000...
[[0;32m  OK  [0m] Reached target Cloud-init target.
[[0;32m  OK  [0m] Started Session 1 of user vagrant.
[[0;32m  OK  [0m] Started User Manager for UID 1000.

Ubuntu 18.04 LTS crm ttyS0

crm login: 